\BOOKMARK [1][-]{section.1}{\376\377\000N\000o\000t\000a\000t\000i\000o\000n\000s}{}% 1
\BOOKMARK [1][-]{section.2}{\376\377\000F\000o\000r\000m\000u\000l\000e\000\040\000d\000u\000\040\000s\000e\000u\000i\000l\000\040\000c\000r\000i\000t\000i\000q\000u\000e}{}% 2
\BOOKMARK [1][-]{section.3}{\376\377\000M\000e\000s\000u\000r\000e\000\040\000d\000e\000\040\000c\000,\000\040\000a\000,\000\040\000b\000\040\000s\000u\000r\000\040\000X\000O\000R}{}% 3
\BOOKMARK [1][-]{section.4}{\376\377\000V\000a\000l\000i\000d\000a\000t\000i\000o\000n\000\040\000e\000m\000p\000i\000r\000i\000q\000u\000e}{}% 4
\BOOKMARK [1][-]{section.5}{\376\377\000C\000o\000n\000c\000l\000u\000s\000i\000o\000n}{}% 5
\BOOKMARK [1][-]{section.6}{\376\377\000\311\000t\000u\000d\000e\000\040\000d\000e\000\040\000c\000a\000s\000\040\000:\000\040\000I\000r\000i\000s}{}% 6
\BOOKMARK [2][-]{subsection.6.1}{\376\377\000D\000i\000f\000f\000\351\000r\000e\000n\000c\000e\000\040\000d\000e\000\040\000d\000\351\000p\000a\000r\000t\000\040\000a\000v\000e\000c\000\040\000X\000O\000R}{section.6}% 7
\BOOKMARK [2][-]{subsection.6.2}{\376\377\000M\000e\000s\000u\000r\000e\000\040\000d\000e\000\040\000c\000,\000a\000,\000b\000\040\000s\000u\000r\000\040\000I\000r\000i\000s\000\040\000\050\000B\000i\000n\000a\000r\000y\000I\000r\000i\000s\000D\000a\000t\000a\000.\000t\000x\000t\000,\000\040\0001\0006\000\040\000f\000e\000a\000t\000u\000r\000e\000s\000,\000\040\0001\0004\0009\000\040\000e\000x\000e\000m\000p\000l\000e\000s\000\051}{section.6}% 8
\BOOKMARK [2][-]{subsection.6.3}{\376\377\000V\000a\000l\000i\000d\000a\000t\000i\000o\000n\000\040\000e\000m\000p\000i\000r\000i\000q\000u\000e}{section.6}% 9
\BOOKMARK [2][-]{subsection.6.4}{\376\377\000C\000o\000n\000c\000l\000u\000s\000i\000o\000n}{section.6}% 10
\BOOKMARK [1][-]{section.7}{\376\377\000\311\000t\000u\000d\000e\000\040\000d\000e\000\040\000c\000a\000s\000\040\000:\000\040\000D\000i\000g\000i\000t\000s}{}% 11
\BOOKMARK [2][-]{subsection.7.1}{\376\377\000M\000e\000s\000u\000r\000e\000\040\000d\000e\000\040\000c\000,\000a\000,\000b\000\040\000s\000u\000r\000\040\000D\000i\000g\000i\000t\000s\000\040\000\050\000B\000i\000n\000a\000r\000y\000D\000i\000g\000i\000t\000s\000T\000r\000a\000i\000n\000i\000n\000g\000D\000a\000t\000a\0001\0009\0002\000.\000t\000x\000t\000,\000\040\0001\0009\0002\000\040\000f\000e\000a\000t\000u\000r\000e\000s\000,\000\040\0001\0004\0003\0007\000\040\000e\000x\000e\000m\000p\000l\000e\000s\000,\000\040\0001\0000\000\040\000c\000l\000a\000s\000s\000e\000s\000\051}{section.7}% 12
\BOOKMARK [2][-]{subsection.7.2}{\376\377\000V\000a\000l\000i\000d\000a\000t\000i\000o\000n\000\040\000e\000m\000p\000i\000r\000i\000q\000u\000e}{section.7}% 13
\BOOKMARK [2][-]{subsection.7.3}{\376\377\000C\000o\000n\000c\000l\000u\000s\000i\000o\000n\000\040\040\024\000\040\000l\000a\000\040\000p\000r\000\351\000d\000i\000c\000t\000i\000o\000n\000\040\000\351\000t\000a\000i\000t\000\040\000f\000a\000u\000s\000s\000e\000,\000\040\000e\000t\000\040\000p\000o\000u\000r\000q\000u\000o\000i}{section.7}% 14
\BOOKMARK [1][-]{section.8}{\376\377\000\311\000t\000u\000d\000e\000\040\000d\000e\000\040\000c\000a\000s\000\040\000:\000\040\000M\000N\000I\000S\000T}{}% 15
\BOOKMARK [2][-]{subsection.8.1}{\376\377\000M\000e\000s\000u\000r\000e\000\040\000d\000e\000\040\000c\000,\000a\000,\000b\000\040\000s\000u\000r\000\040\000M\000N\000I\000S\000T\000\040\000\050\0007\0008\0004\000\040\000f\000e\000a\000t\000u\000r\000e\000s\000,\000\040\0006\0000\0000\0000\0000\000\040\000e\000x\000e\000m\000p\000l\000e\000s\000,\000\040\0001\0000\000\040\000c\000l\000a\000s\000s\000e\000s\000\051}{section.8}% 16
\BOOKMARK [2][-]{subsection.8.2}{\376\377\000V\000a\000l\000i\000d\000a\000t\000i\000o\000n\000\040\000e\000m\000p\000i\000r\000i\000q\000u\000e}{section.8}% 17
\BOOKMARK [2][-]{subsection.8.3}{\376\377\000P\000o\000u\000r\000q\000u\000o\000i\000\040\000M\000N\000I\000S\000T\000\040\000e\000s\000t\000\040\000s\000e\000n\000s\000i\000b\000l\000e\000\040\000a\000l\000o\000r\000s\000\040\000q\000u\000e\000\040\000D\000i\000g\000i\000t\000s\000\040\000n\000e\000\040\000l\000'\000e\000s\000t\000\040\000p\000a\000s\000\040\000:\000\040\000l\000e\000\040\000r\000a\000t\000i\000o\000\040\000M\000/\000c\000o\000m\000b\000i\000n\000a\000i\000s\000o\000n\000s}{section.8}% 18
\BOOKMARK [2][-]{subsection.8.4}{\376\377\000T\000e\000s\000t\000\040\000d\000i\000r\000e\000c\000t\000\040\000:\000\040\000a\000u\000g\000m\000e\000n\000t\000e\000r\000\040\000M\000\040\000r\000e\000f\000e\000r\000m\000e\000-\000t\000-\000i\000l\000\040\000l\000'\000\351\000c\000a\000r\000t\000\040\000?}{section.8}% 19
\BOOKMARK [1][-]{section.9}{\376\377\000S\000y\000n\000t\000h\000\350\000s\000e}{}% 20
