run 0: PCL=97.78%  notre=100.00%
run 1: PCL=93.33%  notre=95.56%
run 2: PCL=88.89%  notre=88.89%
run 3: PCL=91.11%  notre=91.11%
run 4: PCL=91.11%  notre=95.56%
run 5: PCL=88.89%  notre=91.11%
run 6: PCL=93.33%  notre=95.56%
run 7: PCL=91.11%  notre=93.33%
run 8: PCL=93.33%  notre=93.33%
run 9: PCL=95.56%  notre=97.78%
run 10: PCL=84.44%  notre=86.67%
run 11: PCL=82.22%  notre=84.44%
run 12: PCL=88.89%  notre=93.33%
run 13: PCL=95.56%  notre=97.78%
run 14: PCL=88.89%  notre=91.11%
run 15: PCL=88.89%  notre=88.89%
run 16: PCL=95.56%  notre=97.78%
run 17: PCL=95.56%  notre=93.33%
run 18: PCL=88.89%  notre=95.56%
run 19: PCL=97.78%  notre=93.33%
run 20: PCL=93.33%  notre=100.00%
run 21: PCL=93.33%  notre=95.56%
run 22: PCL=93.33%  notre=97.78%
run 23: PCL=93.33%  notre=97.78%
run 24: PCL=95.56%  notre=91.11%
run 25: PCL=91.11%  notre=91.11%
run 26: PCL=97.78%  notre=97.78%
run 27: PCL=97.78%  notre=91.11%
run 28: PCL=95.56%  notre=97.78%
run 29: PCL=93.33%  notre=97.78%
run 30: PCL=93.33%  notre=86.67%
run 31: PCL=93.33%  notre=95.56%
run 32: PCL=97.78%  notre=95.56%
run 33: PCL=95.56%  notre=95.56%
run 34: PCL=91.11%  notre=95.56%
run 35: PCL=86.67%  notre=93.33%
run 36: PCL=91.11%  notre=91.11%
run 37: PCL=86.67%  notre=86.67%
run 38: PCL=91.11%  notre=95.56%
run 39: PCL=91.11%  notre=91.11%
run 40: PCL=93.33%  notre=95.56%
run 41: PCL=88.89%  notre=91.11%
run 42: PCL=100.00%  notre=95.56%
run 43: PCL=91.11%  notre=93.33%
run 44: PCL=88.89%  notre=95.56%
run 45: PCL=91.11%  notre=88.89%
run 46: PCL=97.78%  notre=95.56%
run 47: PCL=91.11%  notre=91.11%
run 48: PCL=84.44%  notre=88.89%
run 49: PCL=91.11%  notre=95.56%

Iris binaire, 50 runs
PCL          : 92.22% +/- 3.80%
Notre methode complete (M=300,K=2,total=2000) : 93.60% +/- 3.63%
temps total : 29.4s
